Build started 4/16/2015 7:45:02 PM.
     1>Project "c:\projects\Kinect\Waiter\Waiter\Waiter.vcxproj" on node 2 (Build target(s)).
     1>ClCompile:
         C:\Program Files (x86)\Microsoft Visual Studio 12.0\VC\bin\CL.exe /c /I"C:\Program Files\Microsoft SDKs\Kinect\v2.0-PublicPreview1407\\inc" /ZI /nologo /W3 /WX- /sdl /Od /Oy- /D WIN32 /D _DEBUG /D _WINDOWS /D _LIB /D _UNICODE /D UNICODE /Gm /EHsc /RTC1 /MDd /GS /fp:precise /Zc:wchar_t /Zc:forScope /Fo"Debug\\" /Fd"Debug\vc120.pdb" /Gd /TP /analyze- /errorReport:prompt TuxDraw.cpp
         TuxDraw.cpp
     1>c:\projects\kinect\waiter\waiter\tuxdraw.cpp(67): warning C4244: 'argument' : conversion from 'int' to 'FLOAT', possible loss of data
     1>c:\projects\kinect\waiter\waiter\tuxdraw.cpp(70): warning C4244: 'argument' : conversion from 'int' to 'FLOAT', possible loss of data
     1>c:\projects\kinect\waiter\waiter\tuxdraw.cpp(78): warning C4244: 'argument' : conversion from 'int' to 'FLOAT', possible loss of data
     1>c:\projects\kinect\waiter\waiter\tuxdraw.cpp(82): warning C4244: 'argument' : conversion from 'int' to 'FLOAT', possible loss of data
     1>c:\projects\kinect\waiter\waiter\tuxdraw.cpp(175): warning C4244: 'argument' : conversion from 'int' to 'FLOAT', possible loss of data
     1>c:\projects\kinect\waiter\waiter\tuxdraw.cpp(178): warning C4244: 'argument' : conversion from 'int' to 'FLOAT', possible loss of data
     1>c:\projects\kinect\waiter\waiter\tuxdraw.cpp(195): warning C4244: 'argument' : conversion from 'int' to 'FLOAT', possible loss of data
     1>c:\projects\kinect\waiter\waiter\tuxdraw.cpp(197): warning C4244: 'argument' : conversion from 'int' to 'FLOAT', possible loss of data
       Link:
         C:\Program Files (x86)\Microsoft Visual Studio 12.0\VC\bin\link.exe /ERRORREPORT:PROMPT /OUT:"c:\projects\Kinect\Waiter\Debug\Waiter.exe" /INCREMENTAL /NOLOGO "C:\Program Files\Microsoft SDKs\Kinect\v2.0-PublicPreview1407\Lib\x86\Kinect20.lib" kernel32.lib user32.lib gdi32.lib winspool.lib comdlg32.lib advapi32.lib shell32.lib ole32.lib oleaut32.lib uuid.lib odbc32.lib odbccp32.lib /MANIFEST /MANIFESTUAC:"level='asInvoker' uiAccess='false'" /manifest:embed /DEBUG /PDB:"c:\projects\Kinect\Waiter\Debug\Waiter.pdb" /SUBSYSTEM:WINDOWS /TLBID:1 /DYNAMICBASE /NXCOMPAT /IMPLIB:"c:\projects\Kinect\Waiter\Debug\Waiter.lib" /MACHINE:X86 Debug\BodyDemo.res
         Debug\BodyDemo.obj
         Debug\main.obj
         Debug\AltMath.obj
         Debug\TuxDraw.obj
         Debug\TuxPts.obj
         Waiter.vcxproj -> c:\projects\Kinect\Waiter\Debug\Waiter.exe
     1>Done Building Project "c:\projects\Kinect\Waiter\Waiter\Waiter.vcxproj" (Build target(s)).

Build succeeded.

Time Elapsed 00:00:01.23
